<?xml version="1.0" encoding="UTF-8"?>
<testsuite xmlns:xsi="http://www.w3.org/2001/XMLSchema-instance" xsi:noNamespaceSchemaLocation="https://maven.apache.org/surefire/maven-surefire-plugin/xsd/surefire-test-report.xsd" version="3.0.2" name="com.example.discount.DiscountApplicationTests" time="1.422" tests="1" errors="0" skipped="0" failures="0">
  <properties>
[...]
</properties>
  <testcase name="contextLoads" classname="com.example.discount.DiscountApplicationTests" time="0.408">
    <system-out><![CDATA[22:30:42.650 [main] INFO org.springframework.test.context.support.AnnotationConfigContextLoaderUtils -- Could not detect default configuration classes for test class [com.example.discount.DiscountApplicationTests]: DiscountApplicationTests does not declare any static, non-private, non-final, nested classes annotated with @Configuration.
22:30:42.704 [main] INFO org.springframework.boot.test.context.SpringBootTestContextBootstrapper -- Found @SpringBootConfiguration com.example.discount.DiscountApplication for test class com.example.discount.DiscountApplicationTests

  .   ____          _            __ _ _
 /\\ / ___'_ __ _ _(_)_ __  __ _ \ \ \ \
( ( )\___ | '_ | '_| | '_ \/ _` | \ \ \ \
 \\/  ___)| |_)| | | | | || (_| |  ) ) ) )
  '  |____| .__|_| |_|_| |_\__, | / / / /
 =========|_|==============|___/=/_/_/_/

 :: Spring Boot ::                (v3.4.5)

2025-05-08T22:30:42.902+07:00  INFO 21710 --- [discount] [           main] c.e.discount.DiscountApplicationTests    : Starting DiscountApplicationTests using Java 21.0.2 with PID 21710 (started by fluketao in /Users/fluketao/Downloads/discount)
2025-05-08T22:30:42.903+07:00  INFO 21710 --- [discount] [           main] c.e.discount.DiscountApplicationTests    : No active profile set, falling back to 1 default profile: "default"
2025-05-08T22:30:43.410+07:00  INFO 21710 --- [discount] [           main] o.s.v.b.OptionalValidatorFactoryBean     : Failed to set up a Bean Validation provider: jakarta.validation.NoProviderFoundException: Unable to create a Configuration, because no Jakarta Bean Validation provider could be found. Add a provider like Hibernate Validator (RI) to your classpath.
2025-05-08T22:30:43.582+07:00  INFO 21710 --- [discount] [           main] c.e.discount.DiscountApplicationTests    : Started DiscountApplicationTests in 0.816 seconds (process running for 1.253)
]]></system-out>
    <system-err><![CDATA[Mockito is currently self-attaching to enable the inline-mock-maker. This will no longer work in future releases of the JDK. Please add Mockito as an agent to your build what is described in Mockito's documentation: https://javadoc.io/doc/org.mockito/mockito-core/latest/org/mockito/Mockito.html#0.3
WARNING: A Java agent has been loaded dynamically (/Users/fluketao/.m2/repository/net/bytebuddy/byte-buddy-agent/1.15.11/byte-buddy-agent-1.15.11.jar)
WARNING: If a serviceability tool is in use, please run with -XX:+EnableDynamicAgentLoading to hide this warning
WARNING: If a serviceability tool is not in use, please run with -Djdk.instrument.traceUsage for more information
WARNING: Dynamic loading of agents will be disallowed by default in a future release
]]></system-err>
  </testcase>
</testsuite>